<?xml version="1.0" encoding="UTF-8"?>
<!-- Generated by org.testng.reporters.JUnitReportReporter -->
<testsuite hostname="Nikhils-Air" failures="0" tests="1" name="com.ProcureTestScript.generic.addproductbymanufacturerTest" time="33.848" errors="0" timestamp="2023-11-16T10:00:54 IST" skipped="0">
  <testcase classname="com.ProcureTestScript.generic.addproductbymanufacturerTest" name="test" time="33.848"/>
  <system-out/>
</testsuite> <!-- com.ProcureTestScript.generic.addproductbymanufacturerTest -->
