<?xml version="1.0" encoding="UTF-8"?>
<!-- Generated by org.testng.reporters.JUnitReportReporter -->
<testsuite hostname="Nikhils-Air" failures="0" tests="5" name="com.practice_package.DataProviderDifferentClass" time="0.018" errors="0" timestamp="2023-11-20T16:31:17 IST" skipped="0">
  <testcase classname="com.practice_package.DataProviderDifferentClass" name="dataTest1" time="0.001"/>
  <system-out/>
  <testcase classname="com.practice_package.DataProviderDifferentClass" name="dataTest1" time="0.011"/>
  <system-out/>
  <testcase classname="com.practice_package.DataProviderDifferentClass" name="dataTest1" time="0.003"/>
  <system-out/>
  <testcase classname="com.practice_package.DataProviderDifferentClass" name="dataTest1" time="0.002"/>
  <system-out/>
  <testcase classname="com.practice_package.DataProviderDifferentClass" name="dataTest1" time="0.001"/>
  <system-out/>
</testsuite> <!-- com.practice_package.DataProviderDifferentClass -->
