<?xml version="1.0" encoding="UTF-8"?>
<!-- Generated by org.testng.reporters.JUnitReportReporter -->
<testsuite hostname="Nikhils-Air" failures="0" tests="1" name="com.practice_package.passdatathroughmavenTest" time="11.951" errors="0" timestamp="2023-11-10T16:34:48 IST" skipped="0">
  <testcase classname="com.practice_package.passdatathroughmavenTest" name="data" time="11.951"/>
  <system-out/>
</testsuite> <!-- com.practice_package.passdatathroughmavenTest -->
