<?xml version="1.0" encoding="UTF-8"?>
<!-- Generated by org.testng.reporters.JUnitReportReporter -->
<testsuite hostname="Nikhils-Air" failures="0" tests="1" name="com.ProcureTestScript_package.addproductbymanufacturerTest" time="34.192" errors="0" timestamp="2023-11-13T17:00:37 IST" skipped="0">
  <testcase classname="com.ProcureTestScript_package.addproductbymanufacturerTest" name="test" time="34.192"/>
  <system-out/>
</testsuite> <!-- com.ProcureTestScript_package.addproductbymanufacturerTest -->
