<?xml version="1.0" encoding="UTF-8"?>
<!-- Generated by org.testng.reporters.JUnitReportReporter -->
<testsuite hostname="Nikhils-Air" failures="0" tests="2" name="com.practice_package.PracticeAnnotations" time="0.019" errors="0" timestamp="2023-11-20T18:01:02 IST" skipped="0">
  <testcase classname="com.practice_package.PracticeAnnotations" name="test" time="0.010"/>
  <system-out/>
  <testcase classname="com.practice_package.PracticeAnnotations" name="test1" time="0.009"/>
  <system-out/>
</testsuite> <!-- com.practice_package.PracticeAnnotations -->
