<?xml version="1.0" encoding="UTF-8"?>
<!-- Generated by org.testng.reporters.JUnitReportReporter -->
<testsuite hostname="Nikhils-Air" failures="0" tests="1" name="com.practice_package.SoftAssertTest" time="9.084" errors="0" timestamp="2023-11-22T16:11:57 IST" skipped="0">
  <testcase classname="com.practice_package.SoftAssertTest" name="soft" time="9.084"/>
  <system-out/>
</testsuite> <!-- com.practice_package.SoftAssertTest -->
