<?xml version="1.0" encoding="UTF-8"?>
<!-- Generated by org.testng.reporters.JUnitReportReporter -->
<testsuite hostname="Nikhils-Air" failures="0" tests="2" name="com.practice_package.DataProviderSameClass" time="0.010" errors="0" timestamp="2023-11-20T15:44:06 IST" skipped="0">
  <testcase classname="com.practice_package.DataProviderSameClass" name="DataTest" time="0.009"/>
  <system-out/>
  <testcase classname="com.practice_package.DataProviderSameClass" name="DataTest" time="0.001"/>
  <system-out/>
</testsuite> <!-- com.practice_package.DataProviderSameClass -->
