<?xml version="1.0" encoding="UTF-8"?>
<!-- Generated by org.testng.reporters.JUnitReportReporter -->
<testsuite hostname="Nikhils-Air" failures="0" tests="1" name="com.Procure.TestScriptPOM.addproductbymanufacturerTest" time="33.940" errors="0" timestamp="2023-11-16T16:53:01 IST" skipped="0">
  <testcase classname="com.Procure.TestScriptPOM.addproductbymanufacturerTest" name="test" time="33.940"/>
  <system-out/>
</testsuite> <!-- com.Procure.TestScriptPOM.addproductbymanufacturerTest -->
