<?xml version="1.0" encoding="UTF-8"?>
<!-- Generated by org.testng.reporters.JUnitReportReporter -->
<testsuite hostname="Nikhils-Air" failures="0" tests="1" name="com.Procure.AddetailerModule.addretailerwithmandatorytextfieldTest" time="5.807" errors="0" timestamp="2023-11-21T15:56:19 IST" skipped="0">
  <testcase classname="com.Procure.AddetailerModule.addretailerwithmandatorytextfieldTest" name="addretailerwithmandatorytextfieldTest" time="5.807"/>
  <system-out/>
</testsuite> <!-- com.Procure.AddetailerModule.addretailerwithmandatorytextfieldTest -->
