<?xml version="1.0" encoding="UTF-8"?>
<!-- Generated by org.testng.reporters.JUnitReportReporter -->
<testsuite hostname="Nikhils-Air" failures="0" tests="1" name="com.practice_package.TestNGTest" time="0.007" errors="0" timestamp="2023-11-20T14:37:37 IST" skipped="0">
  <testcase classname="com.practice_package.TestNGTest" name="edit" time="0.007"/>
  <system-out/>
</testsuite> <!-- com.practice_package.TestNGTest -->
