<?xml version="1.0" encoding="UTF-8"?>
<!-- Generated by org.testng.reporters.JUnitReportReporter -->
<testsuite hostname="Nikhils-Air" failures="0" tests="1" name="com.Procure.InvoicesModule.checkinvoicebyidTest" time="5.685" errors="0" timestamp="2023-11-21T15:58:54 IST" skipped="0">
  <testcase classname="com.Procure.InvoicesModule.checkinvoicebyidTest" name="checkinvoicebyidTest" time="5.685"/>
  <system-out/>
</testsuite> <!-- com.Procure.InvoicesModule.checkinvoicebyidTest -->
